init init PRP$ -4.85548030257 0 -4.85548030257 0.0 Influential
init init VBG -4.44690477205 0 -4.44690477205 0.0 Influential
init init FW -8.54747988402 0 -8.54747988402 0.0 Influential
init init VBN -5.18450371518 0 -5.18450371518 0.0 Influential
init init '' -7.79370808165 0 -7.79370808165 0.0 Influential
init init VBP -7.9188712246 0 -7.9188712246 0.0 Influential
init init WDT -7.1611855229 0 -7.1611855229 0.0 Influential
init init JJ -3.20514563206 0 -3.20514563206 0.0 Influential
init init WP -5.8066398601 0 -5.8066398601 0.0 Influential
init init VBZ -6.58387015787 0 -6.58387015787 0.0 Influential
init init DT -1.5617224394 0 -1.5617224394 0.0 Influential
init init # -9.93377424514 0 -9.93377424514 0.0 Influential
init init $ -7.25962559571 0 -7.25962559571 0.0 Influential
init init NN -3.24978771287 0 -3.24978771287 0.0 Influential
init init VBD -7.10056090109 0 -7.10056090109 0.0 Influential
init init TO -5.69244749257 0 -5.69244749257 0.0 Influential
init init PRP -2.8316864967 0 -2.8316864967 0.0 Influential
init init RB -2.90203298638 0 -2.90203298638 0.0 Influential
init init -LRB- -5.65018768328 0 -5.65018768328 0.0 Influential
init init : -5.99219243747 0 -5.99219243747 0.0 Influential
init init NNS -3.20634252029 0 -3.20634252029 0.0 Influential
init init NNP -1.63511026749 0 -1.63511026749 0.0 Influential
init init `` -2.61922141282 0 -2.61922141282 0.0 Influential
init init WRB -5.10546050784 0 -5.10546050784 0.0 Influential
init init CC -2.89938631523 0 -2.89938631523 0.0 Influential
init init LS -7.25962559571 0 -7.25962559571 0.0 Influential
init init PDT -7.22572404404 0 -7.22572404404 0.0 Influential
init init RBS -7.49142720977 0 -7.49142720977 0.0 Influential
init init RBR -6.18427016921 0 -6.18427016921 0.0 Influential
init init CD -4.53787655025 0 -4.53787655025 0.0 Influential
init init EX -5.49702271078 0 -5.49702271078 0.0 Influential
init init IN -2.09957990323 0 -2.09957990323 0.0 Influential
init init WP$ -9.93377424514 0 -9.93377424514 0.0 Influential
init init MD -7.29471691553 0 -7.29471691553 0.0 Influential
init init NNPS -6.24489479103 0 -6.24489479103 0.0 Influential
init init -RRB- -9.93377424514 0 -9.93377424514 0.0 Influential
init init JJS -6.01180090886 0 -6.01180090886 0.0 Influential
init init JJR -6.51604756153 0 -6.51604756153 0.0 Influential
init init SYM -6.77677382399 0 -6.77677382399 0.0 Influential
init init VB -5.87333123459 0 -5.87333123459 0.0 Influential
init init UH -7.44886759535 0 -7.44886759535 0.0 Influential
RB VBN final -57.9667708296
NNS VBN final -65.4578342368
'' '' final -57.4678919731
NN '' final -57.439958394
. '' final -49.0436305814
: '' final -60.9670729413
RB VBP final -57.67086
NNS JJ final -65.4962071693
NNP JJ final -57.2417711077
IN JJ final -55.4447510885
WDT VBZ final -56.6694156874
TO DT final -56.3630023463
IN DT final -54.1403212918
, RP final -60.7266965909
POS NN final -54.4800745539
JJ NN final -55.4961765417
VBZ NN final -56.8309630691
DT NN final -55.0520480826
NN NN final -55.0664932154
. NN final -59.5359799995
RB NN final -59.3844302296
: NN final -58.9104303146
NNP NN final -56.7102408976
CC NN final -55.4767667747
CD NN final -55.6298265696
IN NN final -55.0122113123
VB NN final -57.3312296653
POS VBD final -58.4553715195
NN VBD final -56.5873454735
VB VBD final -60.893947647
NNP , final -55.5025870886
CD , final -54.8175539714
PRP$ . final -63.6398048858
VBG . final -55.0233442307
FW . final -62.7885595459
VBN . final -52.9952465109
POS . final -55.9950445213
'' . final -59.4038711929
VBP . final -52.9346599569
JJ . final -52.2817837436
WP . final -65.3655568449
VBZ . final -51.2484660204
DT . final -55.0195350106
RP . final -56.6180220834
NN . final -47.4857571154
VBD . final -49.8418582424
. . final -61.0097505459
TO . final -60.1887138616
PRP . final -53.4528989211
RB . final -50.0291672836
: . final -55.4387621504
NNS . final -56.4764490236
NNP . final -48.4948082206
WRB . final -61.7511120107
RBS . final -64.4622422122
RBR . final -52.5579848189
CD . final -48.5835501496
IN . final -53.5207425746
MD . final -59.1672338031
NNPS . final -53.9526500834
-RRB- . final -55.1250852255
JJS . final -59.9628749568
JJR . final -56.9755345642
VB . final -52.6992464322
UH . final -63.828607453
NNS TO final -65.426410302
RBR TO final -61.1715120265
CD TO final -55.0974753466
VBG RB final -59.1726728157
VBN RB final -58.9951500032
VBZ RB final -55.39574828
, RB final -54.8746109323
NNP RB final -56.5162871919
CD RB final -58.312594732
VB RB final -58.204581241
VBG : final -61.300230232
VBN : final -61.4601531532
'' : final -59.2283877856
VBP : final -59.2950243389
JJ : final -60.1722436805
VBZ : final -58.5356350839
DT : final -60.6107620105
RP : final -63.0790805989
NN : final -53.4167188332
VBD : final -58.8183232534
. : final -60.1462849293
TO : final -63.7576999051
PRP : final -60.1372714774
RB : final -57.9262099658
NNS : final -61.6703430682
NNP : final -53.2308482653
RBS : final -65.1429805143
CD : final -55.0274759325
IN : final -59.3195147561
NNPS : final -57.9921134207
-RRB- : final -57.2019846949
VB : final -60.2839742011
VBG NNS final -57.6453116428
JJ NNS final -54.9417607545
NN NNS final -55.6119634035
: NNS final -59.1506352943
NNS NNS final -66.1362886991
NNP NNS final -56.3771646576
CC NNS final -55.0151176637
CD NNS final -55.303063509
IN NNS final -55.0728552372
VB NNS final -57.8580226372
POS NNP final -56.2378342209
JJ NNP final -57.2422377002
VBZ NNP final -57.4920867668
DT NNP final -55.465627258
, NNP final -54.5589245058
. NNP final -57.6506937656
NNP NNP final -52.8825985644
CC NNP final -55.6864659521
IN NNP final -53.9014803897
NNPS NNP final -56.4137759376
-RRB- NNP final -60.6770242821
. `` final -58.0133059677
JJ CD final -57.7813975807
$ CD final -56.5001514549
, CD final -54.8840964449
NNP CD final -57.3039553864
CD CD final -55.6428143062
IN CD final -55.7314207613
VBG IN final -57.7217329187
VBN IN final -57.2350980898
'' IN final -58.5294129732
VBP IN final -56.9367917537
RP IN final -59.3708068991
NN IN final -55.0812635754
, IN final -55.2423086673
RB IN final -57.1370563563
NNS IN final -65.1325745765
NNP IN final -55.8346054504
CD IN final -54.8782830566
VB IN final -57.6205057384
NNP NNPS final -54.8535237362
CC NNPS final -58.2014103038
VBN -RRB- final -61.0699413568
'' -RRB- final -59.5482819172
NN -RRB- final -57.674435674
. -RRB- final -53.5559610579
NNP -RRB- final -56.3492347767
NN JJR final -58.8097324008
NN SYM final -63.0985067966
NNS SYM final -69.5996378074
CD SYM final -60.476918258
RB VB final -57.3872142196
DT JJ NN IN DT NN IN DT JJ NN IN $ CD CD IN $ CD CD IN $ CD CD IN DT NN IN DT JJ NN IN DT NN IN DT NN NN .
