init PRP$ -11.1528746626 0.0 -4.82410489253 -6.32876977003 OOV
init VBG -6.54236327875 0.0 -4.41448177427 -2.12788150448 OOV
init FW -9.70738769995 0.0 -8.64651573927 -1.06087196069 OOV
init VB -8.79659598948 0.0 -5.84749375996 -2.94910222952 OOV
init '' -16.6618636956 0.0 -7.81983716608 -8.8420265295 OOV
init VBP -11.6723994172 0.0 -7.95336855871 -3.71903085846 OOV
init VBN -7.76194240735 0.0 -5.1543465794 -2.60759582795 OOV
init JJ -5.32854063366 0.0 -3.17124835973 -2.15729227393 OOV
init WP -11.4684872685 0.0 -5.78024153295 -5.68824573551 OOV
init VBZ -9.75068051305 0.0 -6.56707419759 -3.18360631546 OOV
init DT -9.37415246446 0.0 -1.527342529 -7.84680993545 OOV
init # -15.5482529459 0.0 -10.5924258883 -4.9558270576 OOV
init $ -14.0862241553 0.0 -7.26022137815 -6.82600277711 OOV
init NN -6.02833850994 0.0 -3.215917762 -2.81242074794 OOV
init RBR -10.8059999886 0.0 -6.16160908948 -4.64439089914 OOV
init VBD -10.5269656301 0.0 -7.09591832686 -3.43104730326 OOV
init TO -14.2937725922 0.0 -5.66517220316 -8.62860038899 OOV
init LS -9.45744595548 0.0 -7.26022137815 -2.19722457734 OOV
init RB -6.19124737271 0.0 -2.86797924269 -3.32326813003 OOV
init -LRB- -12.1491074483 0.0 -5.62261258875 -6.52649485957 OOV
init : -12.8285359458 0.0 -5.96745307504 -6.86108287078 OOV
init NNS -5.7268754694 0.0 -3.17244596466 -2.55442950474 OOV
init NNP -3.7304238289 0.0 -1.60073916239 -2.12968466651 OOV
init `` -10.3531691989 0.0 -2.58505882034 -7.76811037853 OOV
init WRB -10.1058776577 0.0 -5.07497299186 -5.03090466586 OOV
init CC -10.0585579797 0.0 -2.86533140354 -7.19322657614 OOV
init PDT -12.0400207753 0.0 -7.22513005834 -4.81489071697 OOV
init RBS -12.2265564133 0.0 -7.50138343496 -4.72517297838 OOV
init PRP -8.82622543122 0.0 -2.79760273614 -6.02862269507 OOV
init CD -6.54963180486 0.0 -4.50565116141 -2.04398064345 OOV
init EX -11.5357294194 0.0 -5.46846190892 -6.06726751052 OOV
init IN -8.65098738061 0.0 -2.06528236605 -6.58570501455 OOV
init WP$ -15.7163898677 0.0 -10.5924258883 -5.1239639794 OOV
init MD -13.3959903092 0.0 -7.29658902232 -6.0994012869 OOV
init NNPS -8.06184558307 0.0 -6.22297803585 -1.83886754721 OOV
init -RRB- -17.1262147263 0.0 -10.5924258883 -6.53378883793 OOV
init JJS -8.9865897292 0.0 -5.98725570233 -2.99933402687 OOV
init JJR -9.62496540274 0.0 -6.4980813261 -3.12688407664 OOV
init SYM -8.52164240939 0.0 -6.76378449183 -1.75785791755 OOV
init UH -8.63044526923 0.0 -7.45693167239 -1.17351359684 OOV
init WDT -13.3261880849 0.0 -7.15843868384 -6.1677494011 OOV
PRP$ NN -23.759400362 -11.1528746626 -0.808910133538 -11.7976155659 members
VBG NN -20.4263146347 -6.54236327875 -2.08633579001 -11.7976155659 members
JJ NN -17.9245785927 -5.32854063366 -0.798422393124 -11.7976155659 members
PRP$ NNS -18.5100456666 -11.1528746626 -1.63558870672 -5.72158229736 members
VBG NNS -14.686319622 -6.54236327875 -2.42237404593 -5.72158229736 members
JJ NNS -12.5106722931 -5.32854063366 -1.46054936207 -5.72158229736 members
NN RP -32.6118148838 -17.9245785927 -7.49355047273 -7.1936858184 of
NNS RP -26.9904830014 -12.5106722931 -7.28612488988 -7.1936858184 of
NN RB -31.5737632767 -17.9245785927 -4.00155759162 -9.64762709241 of
NNS RB -25.6189692863 -12.5106722931 -3.46066990076 -9.64762709241 of
NN IN -20.7798424775 -17.9245785927 -1.3968436602 -1.45842022462 of
NNS IN -15.417913703 -12.5106722931 -1.44882118526 -1.45842022462 of
RP VBP -43.6169324837 -26.9904830014 -7.1936858184 -9.43276366397 the
RB VBP -38.7078954955 -25.6189692863 -3.6561625453 -9.43276366397 the
IN VBP -33.0909407292 -15.417913703 -8.24026336227 -9.43276366397 the
RP JJ -40.301074249 -26.9904830014 -2.98155822052 -10.3290330271 the
RB JJ -38.2178704976 -25.6189692863 -2.26986818418 -10.3290330271 the
IN JJ -28.1530743469 -15.417913703 -2.4061276168 -10.3290330271 the
RP DT -29.2187822238 -26.9904830014 -1.5394437893 -0.688855433135 the
IN DT -17.2203270635 -15.417913703 -1.11355792736 -0.688855433135 the
RP NN -41.7921296437 -26.9904830014 -3.00403107637 -11.7976155659 the
IN NN -29.4327176164 -15.417913703 -2.21718834755 -11.7976155659 the
RP NNP -40.486908066 -26.9904830014 -3.68214037956 -9.81428468508 the
RB NNP -40.4080522293 -25.6189692863 -4.97479825795 -9.81428468508 the
IN NNP -27.1313565574 -15.417913703 -1.89915816937 -9.81428468508 the
VBP NN -45.9911794988 -33.0909407292 -3.50051847652 -9.39972029314 House
JJ NN -38.3512170332 -28.1530743469 -0.798422393124 -9.39972029314 House
DT NN -27.3645379936 -17.2203270635 -0.744490637042 -9.39972029314 House
VBP NNP -42.6539020907 -33.0909407292 -4.03913611761 -5.52382524393 House
JJ NNP -36.9689050033 -28.1530743469 -3.29200541246 -5.52382524393 House
DT NNP -24.9468413122 -17.2203270635 -2.20268900486 -5.52382524393 House
NN NNS -40.9178819632 -27.3645379936 -2.55364701298 -10.9996969566 Ways
NNP NNS -39.6658996984 -24.9468413122 -3.7193614296 -10.9996969566 Ways
NN NNP -42.3202259915 -27.3645379936 -4.63057768902 -10.3251103088 Ways
NNP NNP -36.2479746233 -24.9468413122 -0.97602300219 -10.3251103088 Ways
NN NNPS -43.4695913373 -27.3645379936 -9.31270891615 -6.79234442747 Ways
NNP NNPS -35.831848032 -24.9468413122 -4.09266229229 -6.79234442747 Ways
NNS NNP -56.1866859191 -39.6658996984 -5.79021080375 -10.7305754169 and
NNP NNP -47.9545730424 -36.2479746233 -0.97602300219 -10.7305754169 and
NNPS NNP -47.8453795398 -35.831848032 -1.28295609084 -10.7305754169 and
NNS CC -42.8762464829 -39.6658996984 -2.81406806544 -0.396278719075 and
NNP CC -39.828646512 -36.2479746233 -3.18439316961 -0.396278719075 and
NNPS CC -38.7719759365 -35.831848032 -2.54384918542 -0.396278719075 and
NNP VBZ -60.3901117788 -47.8453795398 -3.25410303579 -9.2906292032 Means
CC VBZ -51.8326554275 -38.7719759365 -3.77005028776 -9.2906292032 Means
NNP NNS -62.564437926 -47.8453795398 -3.7193614296 -10.9996969566 Means
CC NNS -52.408686128 -38.7719759365 -2.63701323488 -10.9996969566 Means
NNP NNP -58.8588307784 -47.8453795398 -0.97602300219 -10.0374282364 Means
CC NNP -50.6442117732 -38.7719759365 -1.83480760034 -10.0374282364 Means
NNP NNPS -59.1358513677 -47.8453795398 -4.09266229229 -7.19780953558 Means
CC NNPS -51.5760469916 -38.7719759365 -5.60626151955 -7.19780953558 Means
VBZ NN -66.9899821494 -51.8326554275 -3.35971115597 -11.7976155659 Committee
NNP NN -65.2835057729 -50.6442117732 -2.84167843377 -11.7976155659 Committee
VBZ NNP -61.2734753846 -51.8326554275 -2.81288790525 -6.62793205191 Committee
NNP NNP -58.2481668273 -50.6442117732 -0.97602300219 -6.62793205191 Committee
NN VBN -75.8111565656 -65.2835057729 -4.53498696496 -5.99266382768 introduced
NNP VBN -71.3207478307 -58.2481668273 -7.07991717566 -5.99266382768 introduced
NN VBD -75.2352788004 -65.2835057729 -3.0477246104 -6.90404841705 introduced
NNP VBD -67.8742587708 -58.2481668273 -2.72204352647 -6.90404841705 introduced
VBN NN -81.1493781214 -71.3207478307 -2.73149509063 -7.09713520014 legislation
VBD NN -78.4117919917 -67.8742587708 -3.44039802074 -7.09713520014 legislation
NN VBP -93.3921959794 -78.4117919917 -5.54764032368 -9.43276366397 that
NN DT -87.6553999749 -78.4117919917 -4.99411030833 -4.24949767487 that
NN NN -92.3117289354 -78.4117919917 -2.10232137776 -11.7976155659 that
NN RB -89.663081403 -78.4117919917 -4.00155759162 -7.24973181961 that
NN IN -82.8277119339 -78.4117919917 -1.3968436602 -3.01907628195 that
NN WDT -84.0349933519 -78.4117919917 -4.85160157484 -0.771599785317 that
VBP MD -101.331215753 -93.3921959794 -6.43703139041 -1.50198838371 would
DT MD -95.2714371656 -87.6553999749 -6.11404880699 -1.50198838371 would
IN MD -93.4301649451 -82.8277119339 -9.10046462749 -1.50198838371 would
WDT MD -87.5354852663 -84.0349933519 -1.99850353071 -1.50198838371 would
MD VB -95.1110892643 -87.5354852663 -0.226259693909 -7.34934430408 restrict
MD VBP -105.060080382 -87.5354852663 -8.09183145159 -9.43276366397 restrict
VB WRB -102.162646538 -95.1110892643 -5.23379775776 -1.8177595157 how
WRB VBP -116.867476924 -102.162646538 -5.27206672268 -9.43276366397 the
WRB JJ -114.838631581 -102.162646538 -2.34695201634 -10.3290330271 the
WRB DT -104.256162754 -102.162646538 -1.40466078274 -0.688855433135 the
WRB NN -116.851100606 -102.162646538 -2.89083850236 -11.7976155659 the
WRB NNP -114.253265672 -102.162646538 -2.27633444912 -9.81428468508 the
VBP JJ -123.093902977 -116.867476924 -2.4499009125 -3.77652514011 new
JJ JJ -121.209849651 -114.838631581 -2.59469292937 -3.77652514011 new
DT JJ -109.555474945 -104.256162754 -1.52278705105 -3.77652514011 new
JJ JJ -121.226437933 -109.555474945 -2.59469292937 -9.07627005865 savings-and-loan
JJ NN -120.542074991 -109.555474945 -0.798422393124 -10.1881776535 savings-and-loan
JJ NN -130.184889732 -121.226437933 -0.798422393124 -8.16002940621 bailout
NN NN -138.421866196 -130.184889732 -2.10232137776 -6.1346550858 agency
NN NN -151.223190851 -138.421866196 -2.10232137776 -10.6990032773 can
NN MD -144.82357227 -138.421866196 -4.03672237008 -2.36498370401 can
NN VB -163.050363706 -151.223190851 -6.57186889222 -5.25530396298 raise
MD VB -150.305135927 -144.82357227 -0.226259693909 -5.25530396298 raise
NN VBP -164.006370261 -151.223190851 -5.54764032368 -7.23553908663 raise
MD VBP -160.150942808 -144.82357227 -8.09183145159 -7.23553908663 raise
NN NN -162.725232522 -151.223190851 -2.10232137776 -9.39972029314 raise
MD NN -161.621976834 -144.82357227 -7.39868427103 -9.39972029314 raise
VB JJ -161.717094352 -150.305135927 -2.46921975927 -8.94273866603 capital
VB NN -159.287468711 -150.305135927 -2.78683603954 -6.19549674506 capital
JJ , -165.255008534 -161.717094352 -3.53781156442 -0.000102617779646 ,
NN , -161.452983269 -159.287468711 -2.16541194004 -0.000102617779646 ,
, VBG -170.635811042 -161.452983269 -3.10370254955 -6.07912522306 creating
VBG DT -177.765703266 -170.635811042 -1.67527954099 -5.45461268377 another
DT JJ -185.443136075 -177.765703266 -1.52278705105 -6.15464575725 potential
DT NN -186.873822265 -177.765703266 -0.744490637042 -8.36362836145 potential
JJ NN -195.736588941 -185.443136075 -0.798422393124 -9.49503047294 obstacle
NN TO -198.974261273 -195.736588941 -3.23049000577 -0.0071823265166 to
TO VBP -218.421919687 -198.974261273 -10.0148947501 -9.43276366397 the
TO JJ -212.780049227 -198.974261273 -3.47675492634 -10.3290330271 the
TO DT -201.849973424 -198.974261273 -2.18685671798 -0.688855433135 the
TO NN -214.188262561 -198.974261273 -3.4163857215 -11.7976155659 the
TO NNP -211.88771726 -198.974261273 -3.09917130148 -9.81428468508 the
VBP NN -227.065901209 -218.421919687 -3.50051847652 -5.14346304575 government
JJ NN -218.721934665 -212.780049227 -0.798422393124 -5.14346304575 government
DT NN -207.737927107 -201.849973424 -0.744490637042 -5.14346304575 government
NN POS -211.636336353 -207.737927107 -3.82411560191 -0.0742936444427 's
NN VBZ -213.743394892 -207.737927107 -3.12993554125 -2.87553224403 's
NN NNS -221.291271077 -207.737927107 -2.55364701298 -10.9996969566 's
NN NNP -223.792227394 -207.737927107 -4.63057768902 -11.4237225975 's
NN PRP -220.862819576 -207.737927107 -5.43804169726 -7.68685077168 's
POS NN -218.31033005 -211.636336353 -0.877793008614 -5.79620068797 sale
NN RP -232.997566341 -218.31033005 -7.49355047273 -7.1936858184 of
NN RB -231.959514734 -218.31033005 -4.00155759162 -9.64762709241 of
NN IN -221.165593935 -218.31033005 -1.3968436602 -1.45842022462 of
RP JJ -244.293254568 -232.997566341 -2.98155822052 -8.3141300066 sick
RB JJ -242.543512925 -231.959514734 -2.26986818418 -8.3141300066 sick
IN JJ -231.885851558 -221.165593935 -2.4061276168 -8.3141300066 sick
JJ NNS -240.474896866 -231.885851558 -1.46054936207 -7.12849594568 thrifts
NNS . -242.486916274 -240.474896866 -2.00032456 -0.0116948477374 .
JJ NNS IN DT NNP NNPS CC NNP NNP VBD NN WDT MD VB WRB DT JJ JJ NN NN MD VB NN , VBG DT JJ NN TO DT NN POS NN IN JJ NNS .
