init init PRP$ -4.85548030257 0 -4.85548030257 0.0 The
init init VBG -4.44690477205 0 -4.44690477205 0.0 The
init init FW -8.54747988402 0 -8.54747988402 0.0 The
init init VBN -5.18450371518 0 -5.18450371518 0.0 The
init init '' -7.79370808165 0 -7.79370808165 0.0 The
init init VBP -7.9188712246 0 -7.9188712246 0.0 The
init init WDT -7.1611855229 0 -7.1611855229 0.0 The
init init JJ -3.20514563206 0 -3.20514563206 0.0 The
init init WP -5.8066398601 0 -5.8066398601 0.0 The
init init VBZ -6.58387015787 0 -6.58387015787 0.0 The
init init DT -4.05047312893 0 -1.5617224394 -2.48875068953 The
init init # -9.93377424514 0 -9.93377424514 0.0 The
init init $ -7.25962559571 0 -7.25962559571 0.0 The
init init NN -3.24978771287 0 -3.24978771287 0.0 The
init init VBD -7.10056090109 0 -7.10056090109 0.0 The
init init TO -5.69244749257 0 -5.69244749257 0.0 The
init init PRP -2.8316864967 0 -2.8316864967 0.0 The
init init RB -2.90203298638 0 -2.90203298638 0.0 The
init init -LRB- -5.65018768328 0 -5.65018768328 0.0 The
init init : -5.99219243747 0 -5.99219243747 0.0 The
init init NNS -3.20634252029 0 -3.20634252029 0.0 The
init init NNP -9.44791495235 0 -1.63511026749 -7.81280468486 The
init init `` -2.61922141282 0 -2.61922141282 0.0 The
init init WRB -5.10546050784 0 -5.10546050784 0.0 The
init init CC -2.89938631523 0 -2.89938631523 0.0 The
init init LS -7.25962559571 0 -7.25962559571 0.0 The
init init PDT -7.22572404404 0 -7.22572404404 0.0 The
init init RBS -7.49142720977 0 -7.49142720977 0.0 The
init init RBR -6.18427016921 0 -6.18427016921 0.0 The
init init CD -4.53787655025 0 -4.53787655025 0.0 The
init init EX -5.49702271078 0 -5.49702271078 0.0 The
init init IN -2.09957990323 0 -2.09957990323 0.0 The
init init WP$ -9.93377424514 0 -9.93377424514 0.0 The
init init MD -7.29471691553 0 -7.29471691553 0.0 The
init init NNPS -6.24489479103 0 -6.24489479103 0.0 The
init init -RRB- -9.93377424514 0 -9.93377424514 0.0 The
init init JJS -6.01180090886 0 -6.01180090886 0.0 The
init init JJR -6.51604756153 0 -6.51604756153 0.0 The
init init SYM -6.77677382399 0 -6.77677382399 0.0 The
init init VB -16.0558888827 0 -5.87333123459 -10.1825576481 The
init init UH -7.44886759535 0 -7.44886759535 0.0 The
RB VBN final -66.4439661344
NNS VBN final -66.264829993
'' '' final -66.7061297089
NN '' final -73.2133803732
. '' final -58.9720491866
: '' final -70.581530146
RB VBP final -66.9997434658
NNS JJ final -66.4442593605
NNP JJ final -65.5210996904
IN JJ final -66.0362401729
WDT VBZ final -66.5352829888
TO DT final -66.479887176
IN DT final -64.7318103761
, RP final -69.8395634076
POS NN final -63.7821934856
JJ NN final -61.911004652
VBZ NN final -67.2100865804
DT NN final -64.2668909971
NN NN final -69.0995549019
. NN final -68.3026496431
RB NN final -68.3552226573
: NN final -68.5248875193
NNP NN final -64.0594757616
CC NN final -64.7528126303
CD NN final -64.6416768599
IN NN final -65.6037003967
VB NN final -66.2763446572
POS VBD final -66.8567675596
NN VBD final -70.945622776
VB VBD final -69.4661099264
NNP , final -64.003360981
CD , final -64.5027795617
PRP$ . final -72.0186656414
VBG . final -63.8280756675
FW . final -71.3763304426
VBN . final -59.9871745057
POS . final -64.3964405614
'' . final -68.5136336617
VBP . final -62.915147599
JJ . final -60.2034295837
WP . final -72.6312081499
VBZ . final -60.9898926939
DT . final -64.0948463734
RP . final -63.8909494668
NN . final -62.5480777379
VBD . final -60.069230143
. . final -69.7764201895
TO . final -68.0105632175
PRP . final -61.881583728
RB . final -60.8694555075
: . final -65.0532193551
NNS . final -57.3488268582
NNP . final -56.995582113
WRB . final -70.7518702713
RBS . final -70.877679215
RBR . final -63.3982730428
CD . final -58.7226927368
IN . final -63.7631042835
MD . final -67.8439757705
NNPS . final -62.2739356916
-RRB- . final -63.049710384
JJS . final -66.3190460634
JJR . final -65.5324777504
VB . final -61.644361424
UH . final -72.4249131053
NNS TO final -66.2938019764
RBR TO final -71.6290328179
CD TO final -65.420909214
VBG RB final -68.0413814536
VBN RB final -66.267954016
VBZ RB final -66.2360365039
, RB final -64.6604489933
NNP RB final -65.0170610843
CD RB final -68.1013517598
VB RB final -67.1186046346
VBG : final -69.9625613086
VBN : final -68.372449729
'' : final -68.3381502545
VBP : final -69.2755119809
JJ : final -67.150053974
VBZ : final -69.1714904533
DT : final -69.2493557217
RP : final -71.5847921995
NN : final -68.6778278456
VBD : final -68.9676619013
. : final -69.3599717243
TO : final -71.1625681331
PRP : final -68.8884711222
RB : final -68.7664981897
NNS : final -62.6183952593
NNP : final -61.7316221577
RBS : final -71.5584175171
CD : final -65.352706736
IN : final -69.9110038404
NNPS : final -66.3133990289
-RRB- : final -65.4173331907
VB : final -69.1618376132
VBG NNS final -66.8226624968
JJ NNS final -62.8200975922
NN NNS final -70.9360976713
: NNS final -68.7885539995
NNS NNS final -66.8373491857
NNP NNS final -64.87793855
CC NNS final -64.0325944899
CD NNS final -64.4033960277
IN NNS final -65.6643443215
VB NNS final -66.803137629
POS NNP final -64.639230261
JJ NNP final -63.8448022253
VBZ NNP final -64.8889295868
DT NNP final -64.6804701724
, NNP final -63.8426621169
. NNP final -66.4173634092
NNP NNP final -61.3833724568
CC NNP final -64.5038383525
IN NNP final -64.4929694741
NNPS NNP final -64.7350615458
-RRB- NNP final -68.8923727779
. `` final -67.121632247
JJ CD final -64.196225691
$ CD final -65.5009097156
, CD final -63.7507169606
NNP CD final -65.9996611368
CD CD final -62.5907794398
IN CD final -66.2689917089
VBG IN final -66.6836089573
VBN IN final -65.9491455246
'' IN final -67.639175442
VBP IN final -66.9172793957
RP IN final -67.0505970149
NN IN final -69.3086599102
, IN final -65.0281467283
RB IN final -67.0315935193
NNS IN final -65.6378834496
NNP IN final -64.3353793429
CD IN final -65.2035138601
VB IN final -66.5656207302
NNP NNPS final -63.3542976286
CC NNPS final -67.0187827042
VBN -RRB- final -69.7666325505
'' -RRB- final -68.7305898486
NN -RRB- final -72.4648390564
. -RRB- final -62.3226307015
NNP -RRB- final -64.9914574744
NN JJR final -73.5756824493
NN SYM final -76.3433515625
NNS SYM final -70.5476899986
CD SYM final -70.232939851
RB VB final -65.8591686405
IN DT NN IN DT NN IN DT NN IN DT JJ NN IN DT JJ NN IN JJ NNS IN DT JJ NN IN DT JJ NN IN DT JJ NN IN NNP NNP , DT NN IN DT NN IN NNP NNP .
